2025-12-18 11:38:32.480936 - Expense added
2025-12-18 11:47:34.034613 - System exited
2025-12-18 11:58:55.227040 - Expense added
2025-12-18 11:59:59.544784 - Expense edited
2025-12-18 12:01:47.818581 - Backup created
2025-12-18 12:02:56.742765 - System exited
2025-12-20 02:00:07.505633 - Added: bills - 7000.0
2025-12-20 02:06:18.607680 - Added:  - 2.0
2025-12-20 02:07:03.120265 - Added:  - 4.0
2025-12-20 02:14:40.988493 - Added: foods - 1.0
2025-12-20 02:34:34.875839 - Added: bills - 12000.0
2025-12-20 02:35:10.936910 - Added: [A - 2.0
2025-12-20 02:42:40.578785 - Edited ID 1
2025-12-20 02:43:10.858343 - Manual backup created
2025-12-20 02:43:28.998849 - Added:  - 20.0
2025-12-20 02:44:04.790427 - Edited ID 2
2025-12-20 02:44:49.512404 - Session ended
2025-12-20 02:48:57.415139 - Edited ID 1
2025-12-20 02:49:31.709788 - Added:  - 5.0
2025-12-20 02:49:56.477206 - Added: 31	3	3WEW - 3.0
2025-12-20 02:50:09.415516 - Added: SBRJ,WE,JRJNWN,EN,WNE,WHE,JWH,JHWJEEHW,JHRRJWHEH,JEHW,J - 2.0
2025-12-20 02:50:21.079222 - Deleted ID 4
2025-12-20 02:50:29.639628 - Deleted ID 3
2025-12-20 02:50:44.028794 - Deleted ID 3
2025-12-20 02:56:32.928750 - Added: 3 - 30.0
2025-12-20 02:57:19.655821 - Edited ID 3
2025-12-20 03:02:52.094892 - Added: 30 - 30.0
2025-12-20 03:03:16.304590 - Edited ID 4
2025-12-20 03:06:35.088774 - Added: cat - 40.0
2025-12-20 03:07:01.044724 - Edited ID 5
2025-12-20 03:08:01.719922 - Added: Ct. - 30.0
2025-12-20 03:08:26.679925 - Edited ID 6
2025-12-20 03:09:12.982283 - Deleted ID 6
2025-12-20 03:11:43.585157 - Deleted ID 5
